Determining if the pthread_create exist failed with the following output:
Change Dir: /home/orica/Downloads/OpenGL-tutorial_v0014_33/build/CMakeFiles/CMakeTmp

Run Build Command:/usr/bin/make "cmTryCompileExec1914699752/fast"
/usr/bin/make -f CMakeFiles/cmTryCompileExec1914699752.dir/build.make CMakeFiles/cmTryCompileExec1914699752.dir/build
make[1]: Entering directory `/home/orica/Downloads/OpenGL-tutorial_v0014_33/build/CMakeFiles/CMakeTmp'
/usr/bin/cmake -E cmake_progress_report /home/orica/Downloads/OpenGL-tutorial_v0014_33/build/CMakeFiles/CMakeTmp/CMakeFiles 1
Building C object CMakeFiles/cmTryCompileExec1914699752.dir/CheckSymbolExists.c.o
/usr/bin/cc    -o CMakeFiles/cmTryCompileExec1914699752.dir/CheckSymbolExists.c.o   -c /home/orica/Downloads/OpenGL-tutorial_v0014_33/build/CMakeFiles/CMakeTmp/CheckSymbolExists.c
Linking C executable cmTryCompileExec1914699752
/usr/bin/cmake -E cmake_link_script CMakeFiles/cmTryCompileExec1914699752.dir/link.txt --verbose=1
/usr/bin/cc       CMakeFiles/cmTryCompileExec1914699752.dir/CheckSymbolExists.c.o  -o cmTryCompileExec1914699752 -rdynamic 
CMakeFiles/cmTryCompileExec1914699752.dir/CheckSymbolExists.c.o: In function `main':
CheckSymbolExists.c:(.text+0x16): undefined reference to `pthread_create'
collect2: error: ld returned 1 exit status
make[1]: *** [cmTryCompileExec1914699752] Error 1
make[1]: Leaving directory `/home/orica/Downloads/OpenGL-tutorial_v0014_33/build/CMakeFiles/CMakeTmp'
make: *** [cmTryCompileExec1914699752/fast] Error 2

File /home/orica/Downloads/OpenGL-tutorial_v0014_33/build/CMakeFiles/CMakeTmp/CheckSymbolExists.c:
/* */
#include <pthread.h>

int main(int argc, char** argv)
{
  (void)argv;
#ifndef pthread_create
  return ((int*)(&pthread_create))[argc];
#else
  (void)argc;
  return 0;
#endif
}

Determining if the function pthread_create exists in the pthreads failed with the following output:
Change Dir: /home/orica/Downloads/OpenGL-tutorial_v0014_33/build/CMakeFiles/CMakeTmp

Run Build Command:/usr/bin/make "cmTryCompileExec865073587/fast"
/usr/bin/make -f CMakeFiles/cmTryCompileExec865073587.dir/build.make CMakeFiles/cmTryCompileExec865073587.dir/build
make[1]: Entering directory `/home/orica/Downloads/OpenGL-tutorial_v0014_33/build/CMakeFiles/CMakeTmp'
/usr/bin/cmake -E cmake_progress_report /home/orica/Downloads/OpenGL-tutorial_v0014_33/build/CMakeFiles/CMakeTmp/CMakeFiles 1
Building C object CMakeFiles/cmTryCompileExec865073587.dir/CheckFunctionExists.c.o
/usr/bin/cc   -DCHECK_FUNCTION_EXISTS=pthread_create   -o CMakeFiles/cmTryCompileExec865073587.dir/CheckFunctionExists.c.o   -c /usr/share/cmake-2.8/Modules/CheckFunctionExists.c
Linking C executable cmTryCompileExec865073587
/usr/bin/cmake -E cmake_link_script CMakeFiles/cmTryCompileExec865073587.dir/link.txt --verbose=1
/usr/bin/cc   -DCHECK_FUNCTION_EXISTS=pthread_create    CMakeFiles/cmTryCompileExec865073587.dir/CheckFunctionExists.c.o  -o cmTryCompileExec865073587 -rdynamic -lpthreads 
/usr/bin/ld: cannot find -lpthreads
collect2: error: ld returned 1 exit status
make[1]: *** [cmTryCompileExec865073587] Error 1
make[1]: Leaving directory `/home/orica/Downloads/OpenGL-tutorial_v0014_33/build/CMakeFiles/CMakeTmp'
make: *** [cmTryCompileExec865073587/fast] Error 2


Determining if the function glXGetProcAddressEXT exists failed with the following output:
Change Dir: /home/orica/Downloads/OpenGL-tutorial_v0014_33/build/CMakeFiles/CMakeTmp

Run Build Command:/usr/bin/make "cmTryCompileExec3711798026/fast"
/usr/bin/make -f CMakeFiles/cmTryCompileExec3711798026.dir/build.make CMakeFiles/cmTryCompileExec3711798026.dir/build
make[1]: Entering directory `/home/orica/Downloads/OpenGL-tutorial_v0014_33/build/CMakeFiles/CMakeTmp'
/usr/bin/cmake -E cmake_progress_report /home/orica/Downloads/OpenGL-tutorial_v0014_33/build/CMakeFiles/CMakeTmp/CMakeFiles 1
Building C object CMakeFiles/cmTryCompileExec3711798026.dir/CheckFunctionExists.c.o
/usr/bin/cc   -DCHECK_FUNCTION_EXISTS=glXGetProcAddressEXT   -o CMakeFiles/cmTryCompileExec3711798026.dir/CheckFunctionExists.c.o   -c /usr/share/cmake-2.8/Modules/CheckFunctionExists.c
Linking C executable cmTryCompileExec3711798026
/usr/bin/cmake -E cmake_link_script CMakeFiles/cmTryCompileExec3711798026.dir/link.txt --verbose=1
/usr/bin/cc   -DCHECK_FUNCTION_EXISTS=glXGetProcAddressEXT    CMakeFiles/cmTryCompileExec3711798026.dir/CheckFunctionExists.c.o  -o cmTryCompileExec3711798026 -rdynamic -lGL 
CMakeFiles/cmTryCompileExec3711798026.dir/CheckFunctionExists.c.o: In function `main':
CheckFunctionExists.c:(.text+0x15): undefined reference to `glXGetProcAddressEXT'
collect2: error: ld returned 1 exit status
make[1]: *** [cmTryCompileExec3711798026] Error 1
make[1]: Leaving directory `/home/orica/Downloads/OpenGL-tutorial_v0014_33/build/CMakeFiles/CMakeTmp'
make: *** [cmTryCompileExec3711798026/fast] Error 2


